<?xml version="1.0" encoding="UTF-8"?>
<!-- Generated by org.testng.reporters.JUnitReportReporter -->
<testsuite hostname="DESKTOP-9L4BQP1" failures="0" tests="3" name="TestNG.Practice3" time="0.009" errors="0" timestamp="22 Apr 2020 18:33:55 GMT">
  <testcase classname="TestNG.Practice3" name="test1" time="0.003"/>
  <testcase classname="TestNG.Practice3" name="test2" time="0.004"/>
  <testcase classname="TestNG.Practice3" name="test3" time="0.002"/>
</testsuite> <!-- TestNG.Practice3 -->
