<?xml version="1.0" encoding="UTF-8"?>
<!-- Generated by org.testng.reporters.JUnitReportReporter -->
<testsuite hostname="DESKTOP-9L4BQP1" failures="0" tests="3" name="TestNG.Practice4" time="0.007" errors="0" timestamp="22 Apr 2020 18:33:55 GMT">
  <testcase classname="TestNG.Practice4" name="test1" time="0.002"/>
  <testcase classname="TestNG.Practice4" name="test2" time="0.002"/>
  <testcase classname="TestNG.Practice4" name="test3" time="0.003"/>
</testsuite> <!-- TestNG.Practice4 -->
